<?xml version="1.0" encoding="UTF-8"?>
<testsuite xmlns:xsi="http://www.w3.org/2001/XMLSchema-instance" xsi:noNamespaceSchemaLocation="https://maven.apache.org/surefire/maven-surefire-plugin/xsd/surefire-test-report.xsd" version="3.0.2" name="com.library.librarymanagement.LibrarymanagementApplicationTests" time="0.25" tests="1" errors="1" skipped="0" failures="0">
  <properties>
[...]
</properties>
  <testcase name="" classname="com.library.librarymanagement.LibrarymanagementApplicationTests" time="0.25">
    <error message="&apos;java.util.LinkedHashSet org.springframework.util.CollectionUtils.newLinkedHashSet(int)&apos;" type="java.lang.NoSuchMethodError"><![CDATA[java.lang.NoSuchMethodError: 'java.util.LinkedHashSet org.springframework.util.CollectionUtils.newLinkedHashSet(int)'
	at org.springframework.test.context.TestContextManager.<clinit>(TestContextManager.java:95)
	at org.springframework.test.context.junit.jupiter.SpringExtension.getTestContextManager(SpringExtension.java:363)
	at org.springframework.test.context.junit.jupiter.SpringExtension.beforeAll(SpringExtension.java:128)
	at java.base/java.util.ArrayList.forEach(ArrayList.java:1511)
]]></error>
  </testcase>
</testsuite>